mode: atomic
github.com/chaordic-io/venue-cluster/internal/consul_client.go:27.94,29.2 1 0
github.com/chaordic-io/venue-cluster/internal/consul_client.go:31.57,33.21 2 0
github.com/chaordic-io/venue-cluster/internal/consul_client.go:36.2,43.16 6 0
github.com/chaordic-io/venue-cluster/internal/consul_client.go:46.2,47.16 2 0
github.com/chaordic-io/venue-cluster/internal/consul_client.go:50.2,51.19 2 0
github.com/chaordic-io/venue-cluster/internal/consul_client.go:33.21,35.3 1 0
github.com/chaordic-io/venue-cluster/internal/consul_client.go:43.16,45.3 1 0
github.com/chaordic-io/venue-cluster/internal/consul_client.go:47.16,49.3 1 0
github.com/chaordic-io/venue-cluster/internal/consul_client.go:54.85,56.53 2 0
github.com/chaordic-io/venue-cluster/internal/consul_client.go:59.2,59.16 1 0
github.com/chaordic-io/venue-cluster/internal/consul_client.go:62.2,62.36 1 0
github.com/chaordic-io/venue-cluster/internal/consul_client.go:56.53,58.3 1 0
github.com/chaordic-io/venue-cluster/internal/consul_client.go:59.16,61.3 1 0
github.com/chaordic-io/venue-cluster/internal/consul_client.go:65.69,66.53 1 0
github.com/chaordic-io/venue-cluster/internal/consul_client.go:66.53,68.3 1 0
github.com/chaordic-io/venue-cluster/internal/consul_client.go:71.69,72.53 1 0
github.com/chaordic-io/venue-cluster/internal/consul_client.go:72.53,74.3 1 0
github.com/chaordic-io/venue-cluster/internal/consul_client.go:78.67,79.53 1 0
github.com/chaordic-io/venue-cluster/internal/consul_client.go:79.53,81.3 1 0
github.com/chaordic-io/venue-cluster/internal/consul_client.go:84.66,85.53 1 0
github.com/chaordic-io/venue-cluster/internal/consul_client.go:85.53,87.3 1 0
github.com/chaordic-io/venue-cluster/internal/consul_client.go:90.64,91.53 1 0
github.com/chaordic-io/venue-cluster/internal/consul_client.go:91.53,93.3 1 0
github.com/chaordic-io/venue-cluster/internal/consul_client.go:96.58,98.21 2 0
github.com/chaordic-io/venue-cluster/internal/consul_client.go:101.2,105.21 4 0
github.com/chaordic-io/venue-cluster/internal/consul_client.go:98.21,100.3 1 0
github.com/chaordic-io/venue-cluster/internal/consul_client.go:108.68,110.16 2 0
github.com/chaordic-io/venue-cluster/internal/consul_client.go:113.2,113.20 1 0
github.com/chaordic-io/venue-cluster/internal/consul_client.go:110.16,112.3 1 0
github.com/chaordic-io/venue-cluster/internal/observability.go:76.71,78.16 2 0
github.com/chaordic-io/venue-cluster/internal/observability.go:82.2,84.16 3 0
github.com/chaordic-io/venue-cluster/internal/observability.go:87.2,90.16 3 0
github.com/chaordic-io/venue-cluster/internal/observability.go:94.2,97.16 3 0
github.com/chaordic-io/venue-cluster/internal/observability.go:101.2,101.12 1 0
github.com/chaordic-io/venue-cluster/internal/observability.go:78.16,80.3 1 0
github.com/chaordic-io/venue-cluster/internal/observability.go:84.16,86.3 1 0
github.com/chaordic-io/venue-cluster/internal/observability.go:90.16,92.3 1 0
github.com/chaordic-io/venue-cluster/internal/observability.go:97.16,99.3 1 0
github.com/chaordic-io/venue-cluster/internal/observability.go:104.91,108.27 2 1
github.com/chaordic-io/venue-cluster/internal/observability.go:114.2,127.28 2 1
github.com/chaordic-io/venue-cluster/internal/observability.go:134.2,139.14 5 1
github.com/chaordic-io/venue-cluster/internal/observability.go:142.2,149.16 3 1
github.com/chaordic-io/venue-cluster/internal/observability.go:153.2,156.16 3 1
github.com/chaordic-io/venue-cluster/internal/observability.go:160.2,193.41 2 1
github.com/chaordic-io/venue-cluster/internal/observability.go:220.2,220.12 1 1
github.com/chaordic-io/venue-cluster/internal/observability.go:108.27,110.17 2 5
github.com/chaordic-io/venue-cluster/internal/observability.go:110.17,112.4 1 0
github.com/chaordic-io/venue-cluster/internal/observability.go:127.28,129.17 2 11
github.com/chaordic-io/venue-cluster/internal/observability.go:129.17,131.4 1 0
github.com/chaordic-io/venue-cluster/internal/observability.go:139.14,141.3 1 0
github.com/chaordic-io/venue-cluster/internal/observability.go:149.16,151.3 1 0
github.com/chaordic-io/venue-cluster/internal/observability.go:156.16,158.3 1 0
github.com/chaordic-io/venue-cluster/internal/observability.go:193.41,198.17 5 5
github.com/chaordic-io/venue-cluster/internal/observability.go:201.3,204.17 4 5
github.com/chaordic-io/venue-cluster/internal/observability.go:208.3,209.17 2 5
github.com/chaordic-io/venue-cluster/internal/observability.go:213.3,214.17 2 5
github.com/chaordic-io/venue-cluster/internal/observability.go:198.17,200.4 1 0
github.com/chaordic-io/venue-cluster/internal/observability.go:204.17,206.4 1 0
github.com/chaordic-io/venue-cluster/internal/observability.go:209.17,211.4 1 0
github.com/chaordic-io/venue-cluster/internal/observability.go:214.17,216.4 1 0
github.com/chaordic-io/venue-cluster/internal/util.go:10.13,12.2 1 1
github.com/chaordic-io/venue-cluster/internal/util.go:16.31,18.19 2 35
github.com/chaordic-io/venue-cluster/internal/util.go:21.2,21.18 1 35
github.com/chaordic-io/venue-cluster/internal/util.go:18.19,20.3 1 652
github.com/chaordic-io/venue-cluster/internal/util.go:24.37,27.2 2 7
github.com/chaordic-io/venue-cluster/internal/util.go:29.29,38.33 3 1
github.com/chaordic-io/venue-cluster/internal/util.go:43.2,43.22 1 1
github.com/chaordic-io/venue-cluster/internal/util.go:46.2,46.28 1 1
github.com/chaordic-io/venue-cluster/internal/util.go:49.2,49.26 1 1
github.com/chaordic-io/venue-cluster/internal/util.go:38.33,39.24 1 5
github.com/chaordic-io/venue-cluster/internal/util.go:39.24,41.4 1 0
github.com/chaordic-io/venue-cluster/internal/util.go:43.22,45.3 1 0
github.com/chaordic-io/venue-cluster/internal/util.go:46.28,48.3 1 0
github.com/chaordic-io/venue-cluster/internal/conf_generator.go:18.44,20.16 2 1
github.com/chaordic-io/venue-cluster/internal/conf_generator.go:24.2,24.34 1 1
github.com/chaordic-io/venue-cluster/internal/conf_generator.go:20.16,22.3 1 0
github.com/chaordic-io/venue-cluster/internal/conf_generator.go:27.46,29.2 1 1
github.com/chaordic-io/venue-cluster/internal/conf_generator.go:31.46,43.9 3 1
github.com/chaordic-io/venue-cluster/internal/conf_generator.go:47.2,48.14 2 1
github.com/chaordic-io/venue-cluster/internal/conf_generator.go:51.2,54.16 3 1
github.com/chaordic-io/venue-cluster/internal/conf_generator.go:57.2,58.16 2 1
github.com/chaordic-io/venue-cluster/internal/conf_generator.go:61.2,61.12 1 1
github.com/chaordic-io/venue-cluster/internal/conf_generator.go:43.9,45.3 1 0
github.com/chaordic-io/venue-cluster/internal/conf_generator.go:48.14,50.3 1 0
github.com/chaordic-io/venue-cluster/internal/conf_generator.go:54.16,56.3 1 0
github.com/chaordic-io/venue-cluster/internal/conf_generator.go:58.16,60.3 1 0
github.com/chaordic-io/venue-cluster/internal/conf_generator.go:64.30,66.2 1 0
github.com/chaordic-io/venue-cluster/internal/consul.go:15.52,17.16 2 1
github.com/chaordic-io/venue-cluster/internal/consul.go:22.2,24.28 3 1
github.com/chaordic-io/venue-cluster/internal/consul.go:29.2,29.16 1 0
github.com/chaordic-io/venue-cluster/internal/consul.go:17.16,19.3 1 0
github.com/chaordic-io/venue-cluster/internal/consul.go:24.28,25.43 1 2
github.com/chaordic-io/venue-cluster/internal/consul.go:25.43,27.4 1 1
github.com/chaordic-io/venue-cluster/internal/consul.go:32.99,34.16 2 0
github.com/chaordic-io/venue-cluster/internal/consul.go:37.2,40.61 3 0
github.com/chaordic-io/venue-cluster/internal/consul.go:34.16,36.3 1 0
github.com/chaordic-io/venue-cluster/internal/consul.go:43.98,45.16 2 1
github.com/chaordic-io/venue-cluster/internal/consul.go:49.2,49.43 1 1
github.com/chaordic-io/venue-cluster/internal/consul.go:53.2,54.43 2 1
github.com/chaordic-io/venue-cluster/internal/consul.go:58.2,68.29 3 1
github.com/chaordic-io/venue-cluster/internal/consul.go:75.2,76.16 2 1
github.com/chaordic-io/venue-cluster/internal/consul.go:80.2,88.25 3 1
github.com/chaordic-io/venue-cluster/internal/consul.go:96.2,102.16 6 1
github.com/chaordic-io/venue-cluster/internal/consul.go:105.2,107.18 2 1
github.com/chaordic-io/venue-cluster/internal/consul.go:45.16,47.3 1 0
github.com/chaordic-io/venue-cluster/internal/consul.go:49.43,52.3 2 0
github.com/chaordic-io/venue-cluster/internal/consul.go:54.43,56.3 1 0
github.com/chaordic-io/venue-cluster/internal/consul.go:68.29,70.17 2 5
github.com/chaordic-io/venue-cluster/internal/consul.go:70.17,72.4 1 0
github.com/chaordic-io/venue-cluster/internal/consul.go:76.16,78.3 1 0
github.com/chaordic-io/venue-cluster/internal/consul.go:88.25,90.15 2 4
github.com/chaordic-io/venue-cluster/internal/consul.go:93.3,93.26 1 4
github.com/chaordic-io/venue-cluster/internal/consul.go:90.15,92.4 1 0
github.com/chaordic-io/venue-cluster/internal/consul.go:102.16,104.3 1 0
github.com/chaordic-io/venue-cluster/internal/terraform.go:16.106,32.16 4 1
github.com/chaordic-io/venue-cluster/internal/terraform.go:36.2,37.16 2 1
github.com/chaordic-io/venue-cluster/internal/terraform.go:41.2,42.16 2 1
github.com/chaordic-io/venue-cluster/internal/terraform.go:46.2,48.16 3 1
github.com/chaordic-io/venue-cluster/internal/terraform.go:32.16,34.3 1 0
github.com/chaordic-io/venue-cluster/internal/terraform.go:37.16,39.3 1 0
github.com/chaordic-io/venue-cluster/internal/terraform.go:42.16,44.3 1 0
github.com/chaordic-io/venue-cluster/internal/types.go:70.47,72.16 2 3
github.com/chaordic-io/venue-cluster/internal/types.go:75.2,77.16 3 3
github.com/chaordic-io/venue-cluster/internal/types.go:80.2,80.21 1 3
github.com/chaordic-io/venue-cluster/internal/types.go:72.16,74.3 1 0
github.com/chaordic-io/venue-cluster/internal/types.go:77.16,79.3 1 0
github.com/chaordic-io/venue-cluster/internal/types.go:83.61,85.54 2 1
github.com/chaordic-io/venue-cluster/internal/types.go:99.2,102.8 1 1
github.com/chaordic-io/venue-cluster/internal/types.go:85.54,88.17 3 1
github.com/chaordic-io/venue-cluster/internal/types.go:92.3,93.17 2 1
github.com/chaordic-io/venue-cluster/internal/types.go:96.3,96.33 1 1
github.com/chaordic-io/venue-cluster/internal/types.go:88.17,90.4 1 0
github.com/chaordic-io/venue-cluster/internal/types.go:93.17,95.4 1 0
github.com/chaordic-io/venue-cluster/internal/bootstrap.go:72.61,75.16 2 0
github.com/chaordic-io/venue-cluster/internal/bootstrap.go:79.2,80.16 2 0
github.com/chaordic-io/venue-cluster/internal/bootstrap.go:84.2,85.16 2 0
github.com/chaordic-io/venue-cluster/internal/bootstrap.go:89.2,90.16 2 0
github.com/chaordic-io/venue-cluster/internal/bootstrap.go:93.2,94.16 2 0
github.com/chaordic-io/venue-cluster/internal/bootstrap.go:97.2,98.16 2 0
github.com/chaordic-io/venue-cluster/internal/bootstrap.go:101.2,102.12 2 0
github.com/chaordic-io/venue-cluster/internal/bootstrap.go:75.16,77.3 1 0
github.com/chaordic-io/venue-cluster/internal/bootstrap.go:80.16,82.3 1 0
github.com/chaordic-io/venue-cluster/internal/bootstrap.go:85.16,87.3 1 0
github.com/chaordic-io/venue-cluster/internal/bootstrap.go:90.16,92.3 1 0
github.com/chaordic-io/venue-cluster/internal/bootstrap.go:94.16,96.3 1 0
github.com/chaordic-io/venue-cluster/internal/bootstrap.go:98.16,100.3 1 0
github.com/chaordic-io/venue-cluster/internal/bootstrap.go:105.71,108.15 2 5
github.com/chaordic-io/venue-cluster/internal/bootstrap.go:116.2,116.16 1 5
github.com/chaordic-io/venue-cluster/internal/bootstrap.go:120.2,120.22 1 5
github.com/chaordic-io/venue-cluster/internal/bootstrap.go:108.15,110.15 2 5
github.com/chaordic-io/venue-cluster/internal/bootstrap.go:110.15,113.4 2 0
github.com/chaordic-io/venue-cluster/internal/bootstrap.go:116.16,118.3 1 0
github.com/chaordic-io/venue-cluster/internal/bootstrap.go:123.57,125.16 2 3
github.com/chaordic-io/venue-cluster/internal/bootstrap.go:128.2,130.16 3 3
github.com/chaordic-io/venue-cluster/internal/bootstrap.go:133.2,133.22 1 3
github.com/chaordic-io/venue-cluster/internal/bootstrap.go:125.16,127.3 1 0
github.com/chaordic-io/venue-cluster/internal/bootstrap.go:130.16,132.3 1 0
github.com/chaordic-io/venue-cluster/internal/bootstrap.go:137.72,140.16 2 1
github.com/chaordic-io/venue-cluster/internal/bootstrap.go:143.2,147.31 4 1
github.com/chaordic-io/venue-cluster/internal/bootstrap.go:156.2,157.14 2 1
github.com/chaordic-io/venue-cluster/internal/bootstrap.go:160.2,162.16 3 1
github.com/chaordic-io/venue-cluster/internal/bootstrap.go:166.2,168.16 3 1
github.com/chaordic-io/venue-cluster/internal/bootstrap.go:172.2,180.27 2 1
github.com/chaordic-io/venue-cluster/internal/bootstrap.go:186.2,186.12 1 1
github.com/chaordic-io/venue-cluster/internal/bootstrap.go:140.16,142.3 1 0
github.com/chaordic-io/venue-cluster/internal/bootstrap.go:147.31,148.29 1 9
github.com/chaordic-io/venue-cluster/internal/bootstrap.go:148.29,149.50 1 18
github.com/chaordic-io/venue-cluster/internal/bootstrap.go:149.50,152.5 2 6
github.com/chaordic-io/venue-cluster/internal/bootstrap.go:157.14,159.3 1 0
github.com/chaordic-io/venue-cluster/internal/bootstrap.go:162.16,164.3 1 0
github.com/chaordic-io/venue-cluster/internal/bootstrap.go:168.16,170.3 1 0
github.com/chaordic-io/venue-cluster/internal/bootstrap.go:180.27,182.17 2 6
github.com/chaordic-io/venue-cluster/internal/bootstrap.go:182.17,184.4 1 0
github.com/chaordic-io/venue-cluster/internal/bootstrap.go:189.63,191.31 2 3
github.com/chaordic-io/venue-cluster/internal/bootstrap.go:199.2,199.14 1 0
github.com/chaordic-io/venue-cluster/internal/bootstrap.go:191.31,192.17 1 8
github.com/chaordic-io/venue-cluster/internal/bootstrap.go:192.17,193.34 1 3
github.com/chaordic-io/venue-cluster/internal/bootstrap.go:196.4,196.16 1 3
github.com/chaordic-io/venue-cluster/internal/bootstrap.go:193.34,195.5 1 9
github.com/chaordic-io/venue-cluster/internal/bootstrap.go:202.70,204.31 2 9
github.com/chaordic-io/venue-cluster/internal/bootstrap.go:212.2,212.14 1 0
github.com/chaordic-io/venue-cluster/internal/bootstrap.go:204.31,205.17 1 54
github.com/chaordic-io/venue-cluster/internal/bootstrap.go:205.17,206.30 1 9
github.com/chaordic-io/venue-cluster/internal/bootstrap.go:209.4,209.16 1 9
github.com/chaordic-io/venue-cluster/internal/bootstrap.go:206.30,208.5 1 16
github.com/chaordic-io/venue-cluster/internal/bootstrap.go:215.73,219.31 4 1
github.com/chaordic-io/venue-cluster/internal/bootstrap.go:234.2,237.16 4 1
github.com/chaordic-io/venue-cluster/internal/bootstrap.go:241.2,245.16 5 1
github.com/chaordic-io/venue-cluster/internal/bootstrap.go:249.2,250.16 2 1
github.com/chaordic-io/venue-cluster/internal/bootstrap.go:253.2,254.16 2 1
github.com/chaordic-io/venue-cluster/internal/bootstrap.go:257.2,272.28 7 1
github.com/chaordic-io/venue-cluster/internal/bootstrap.go:279.2,279.12 1 1
github.com/chaordic-io/venue-cluster/internal/bootstrap.go:219.31,220.28 1 9
github.com/chaordic-io/venue-cluster/internal/bootstrap.go:220.28,221.30 1 1
github.com/chaordic-io/venue-cluster/internal/bootstrap.go:221.30,222.52 1 3
github.com/chaordic-io/venue-cluster/internal/bootstrap.go:222.52,223.15 1 3
github.com/chaordic-io/venue-cluster/internal/bootstrap.go:229.6,229.58 1 3
github.com/chaordic-io/venue-cluster/internal/bootstrap.go:223.15,226.7 2 1
github.com/chaordic-io/venue-cluster/internal/bootstrap.go:226.12,228.7 1 2
github.com/chaordic-io/venue-cluster/internal/bootstrap.go:237.16,239.3 1 0
github.com/chaordic-io/venue-cluster/internal/bootstrap.go:245.16,247.3 1 0
github.com/chaordic-io/venue-cluster/internal/bootstrap.go:250.16,252.3 1 0
github.com/chaordic-io/venue-cluster/internal/bootstrap.go:254.16,256.3 1 0
github.com/chaordic-io/venue-cluster/internal/bootstrap.go:272.28,274.17 2 5
github.com/chaordic-io/venue-cluster/internal/bootstrap.go:274.17,276.4 1 0
github.com/chaordic-io/venue-cluster/internal/bootstrap.go:282.69,285.16 3 2
github.com/chaordic-io/venue-cluster/internal/bootstrap.go:288.2,291.16 4 2
github.com/chaordic-io/venue-cluster/internal/bootstrap.go:294.2,299.16 4 2
github.com/chaordic-io/venue-cluster/internal/bootstrap.go:302.2,303.108 2 2
github.com/chaordic-io/venue-cluster/internal/bootstrap.go:307.2,319.107 2 2
github.com/chaordic-io/venue-cluster/internal/bootstrap.go:330.2,330.16 1 2
github.com/chaordic-io/venue-cluster/internal/bootstrap.go:333.2,334.16 2 2
github.com/chaordic-io/venue-cluster/internal/bootstrap.go:337.2,337.123 1 2
github.com/chaordic-io/venue-cluster/internal/bootstrap.go:349.2,349.110 1 2
github.com/chaordic-io/venue-cluster/internal/bootstrap.go:379.2,379.12 1 2
github.com/chaordic-io/venue-cluster/internal/bootstrap.go:285.16,287.3 1 0
github.com/chaordic-io/venue-cluster/internal/bootstrap.go:291.16,293.3 1 0
github.com/chaordic-io/venue-cluster/internal/bootstrap.go:299.16,301.3 1 0
github.com/chaordic-io/venue-cluster/internal/bootstrap.go:303.108,305.3 1 0
github.com/chaordic-io/venue-cluster/internal/bootstrap.go:319.107,321.15 2 1
github.com/chaordic-io/venue-cluster/internal/bootstrap.go:324.3,325.15 2 1
github.com/chaordic-io/venue-cluster/internal/bootstrap.go:321.15,323.4 1 0
github.com/chaordic-io/venue-cluster/internal/bootstrap.go:325.15,327.4 1 0
github.com/chaordic-io/venue-cluster/internal/bootstrap.go:330.16,332.3 1 0
github.com/chaordic-io/venue-cluster/internal/bootstrap.go:334.16,336.3 1 0
github.com/chaordic-io/venue-cluster/internal/bootstrap.go:337.123,339.17 2 1
github.com/chaordic-io/venue-cluster/internal/bootstrap.go:342.3,343.17 2 1
github.com/chaordic-io/venue-cluster/internal/bootstrap.go:339.17,341.4 1 0
github.com/chaordic-io/venue-cluster/internal/bootstrap.go:343.17,345.4 1 0
github.com/chaordic-io/venue-cluster/internal/bootstrap.go:349.110,351.17 2 1
github.com/chaordic-io/venue-cluster/internal/bootstrap.go:354.3,360.17 6 1
github.com/chaordic-io/venue-cluster/internal/bootstrap.go:363.3,364.17 2 1
github.com/chaordic-io/venue-cluster/internal/bootstrap.go:368.3,369.17 2 1
github.com/chaordic-io/venue-cluster/internal/bootstrap.go:373.3,374.17 2 1
github.com/chaordic-io/venue-cluster/internal/bootstrap.go:351.17,353.4 1 0
github.com/chaordic-io/venue-cluster/internal/bootstrap.go:360.17,362.4 1 0
github.com/chaordic-io/venue-cluster/internal/bootstrap.go:364.17,366.4 1 0
github.com/chaordic-io/venue-cluster/internal/bootstrap.go:369.17,371.4 1 0
github.com/chaordic-io/venue-cluster/internal/bootstrap.go:374.17,376.4 1 0
github.com/chaordic-io/venue-cluster/internal/bootstrap.go:382.58,384.15 2 10
github.com/chaordic-io/venue-cluster/internal/bootstrap.go:387.2,391.16 4 10
github.com/chaordic-io/venue-cluster/internal/bootstrap.go:394.2,394.19 1 10
github.com/chaordic-io/venue-cluster/internal/bootstrap.go:384.15,386.3 1 6
github.com/chaordic-io/venue-cluster/internal/bootstrap.go:391.16,393.3 1 0
github.com/chaordic-io/venue-cluster/internal/commands.go:10.53,17.16 6 0
github.com/chaordic-io/venue-cluster/internal/commands.go:20.2,22.12 2 0
github.com/chaordic-io/venue-cluster/internal/commands.go:17.16,19.3 1 0
github.com/chaordic-io/venue-cluster/internal/commands.go:25.57,34.16 7 0
github.com/chaordic-io/venue-cluster/internal/commands.go:37.2,45.16 7 0
github.com/chaordic-io/venue-cluster/internal/commands.go:48.2,49.16 2 0
github.com/chaordic-io/venue-cluster/internal/commands.go:52.2,53.16 2 0
github.com/chaordic-io/venue-cluster/internal/commands.go:56.2,57.16 2 0
github.com/chaordic-io/venue-cluster/internal/commands.go:60.2,62.16 3 0
github.com/chaordic-io/venue-cluster/internal/commands.go:65.2,65.21 1 0
github.com/chaordic-io/venue-cluster/internal/commands.go:81.2,81.60 1 0
github.com/chaordic-io/venue-cluster/internal/commands.go:34.16,36.3 1 0
github.com/chaordic-io/venue-cluster/internal/commands.go:45.16,47.3 1 0
github.com/chaordic-io/venue-cluster/internal/commands.go:49.16,51.3 1 0
github.com/chaordic-io/venue-cluster/internal/commands.go:53.16,55.3 1 0
github.com/chaordic-io/venue-cluster/internal/commands.go:57.16,59.3 1 0
github.com/chaordic-io/venue-cluster/internal/commands.go:62.16,64.3 1 0
github.com/chaordic-io/venue-cluster/internal/commands.go:65.21,72.17 6 0
github.com/chaordic-io/venue-cluster/internal/commands.go:75.3,76.17 2 0
github.com/chaordic-io/venue-cluster/internal/commands.go:72.17,74.4 1 0
github.com/chaordic-io/venue-cluster/internal/commands.go:76.17,78.4 1 0
